build/app/intermediates/manifest_merge_blame_file/release/manifest-merger-blame-release-report.txt
1<?xml version="1.0" encoding="utf-8"?>
2<manifest xmlns:android="http://schemas.android.com/apk/res/android"
3    package="com.example.market_app"
4    android:versionCode="1"
5    android:versionName="1.0.0" >
6
7    <uses-sdk
8        android:minSdkVersion="21"
8-->src/main/AndroidManifest.xml
9        android:targetSdkVersion="33" />
9-->src/main/AndroidManifest.xml
10
11    <uses-permission android:name="android.permission.VIBRATE" />
11-->src/main/AndroidManifest.xml:4:5-66
11-->src/main/AndroidManifest.xml:4:22-63
12    <uses-permission android:name="android.permission.CAMERA" />
12-->src/main/AndroidManifest.xml:5:5-65
12-->src/main/AndroidManifest.xml:5:22-62
13    <uses-permission android:name="android.permission.READ_EXTERNAL_STORAGE" />
13-->src/main/AndroidManifest.xml:6:5-80
13-->src/main/AndroidManifest.xml:6:22-77
14    <!-- Don't require camera, as this requires a rear camera. This allows it to work on the Nexus 7 -->
15    <uses-feature
15-->[com.journeyapps:zxing-android-embedded:4.3.0] AndroidManifest.xml:25:5-27:36
16        android:name="android.hardware.camera"
16-->[com.journeyapps:zxing-android-embedded:4.3.0] AndroidManifest.xml:26:9-47
17        android:required="false" />
17-->[com.journeyapps:zxing-android-embedded:4.3.0] AndroidManifest.xml:27:9-33
18    <uses-feature
18-->[com.journeyapps:zxing-android-embedded:4.3.0] AndroidManifest.xml:28:5-30:36
19        android:name="android.hardware.camera.front"
19-->[com.journeyapps:zxing-android-embedded:4.3.0] AndroidManifest.xml:29:9-53
20        android:required="false" /> <!-- TODO replace above two with next line after Android 4.2 -->
20-->[com.journeyapps:zxing-android-embedded:4.3.0] AndroidManifest.xml:30:9-33
21    <!-- <uses-feature android:name="android.hardware.camera.any"/> -->
22    <uses-feature
22-->[com.journeyapps:zxing-android-embedded:4.3.0] AndroidManifest.xml:33:5-35:36
23        android:name="android.hardware.camera.autofocus"
23-->[com.journeyapps:zxing-android-embedded:4.3.0] AndroidManifest.xml:34:9-57
24        android:required="false" />
24-->[com.journeyapps:zxing-android-embedded:4.3.0] AndroidManifest.xml:35:9-33
25    <uses-feature
25-->[com.journeyapps:zxing-android-embedded:4.3.0] AndroidManifest.xml:36:5-38:36
26        android:name="android.hardware.camera.flash"
26-->[com.journeyapps:zxing-android-embedded:4.3.0] AndroidManifest.xml:37:9-53
27        android:required="false" />
27-->[com.journeyapps:zxing-android-embedded:4.3.0] AndroidManifest.xml:38:9-33
28    <uses-feature
28-->[com.journeyapps:zxing-android-embedded:4.3.0] AndroidManifest.xml:39:5-41:36
29        android:name="android.hardware.screen.landscape"
29-->[com.journeyapps:zxing-android-embedded:4.3.0] AndroidManifest.xml:40:9-57
30        android:required="false" />
30-->[com.journeyapps:zxing-android-embedded:4.3.0] AndroidManifest.xml:41:9-33
31    <uses-feature
31-->[com.journeyapps:zxing-android-embedded:4.3.0] AndroidManifest.xml:42:5-44:36
32        android:name="android.hardware.wifi"
32-->[com.journeyapps:zxing-android-embedded:4.3.0] AndroidManifest.xml:43:9-45
33        android:required="false" />
33-->[com.journeyapps:zxing-android-embedded:4.3.0] AndroidManifest.xml:44:9-33
34
35    <application
36        android:name="android.app.Application"
36-->src/main/AndroidManifest.xml:9:9-42
37        android:appComponentFactory="androidx.core.app.CoreComponentFactory"
37-->[androidx.core:core:1.8.0] AndroidManifest.xml:24:18-86
38        android:icon="@mipmap/ic_launcher"
38-->src/main/AndroidManifest.xml:10:9-43
39        android:label="market_app" >
39-->src/main/AndroidManifest.xml:11:9-35
40        <activity
40-->src/main/AndroidManifest.xml:12:9-27:20
41            android:name="com.example.market_app.MainActivity"
41-->src/main/AndroidManifest.xml:13:13-41
42            android:configChanges="orientation|keyboardHidden|keyboard|screenSize|smallestScreenSize|locale|layoutDirection|fontScale|screenLayout|density|uiMode"
42-->src/main/AndroidManifest.xml:14:13-163
43            android:exported="true"
43-->src/main/AndroidManifest.xml:15:13-36
44            android:hardwareAccelerated="true"
44-->src/main/AndroidManifest.xml:16:13-47
45            android:launchMode="singleTop"
45-->src/main/AndroidManifest.xml:17:13-43
46            android:theme="@style/LaunchTheme"
46-->src/main/AndroidManifest.xml:18:13-47
47            android:windowSoftInputMode="adjustResize" >
47-->src/main/AndroidManifest.xml:19:13-55
48            <meta-data
48-->src/main/AndroidManifest.xml:20:13-22:57
49                android:name="io.flutter.embedding.android.NormalTheme"
49-->src/main/AndroidManifest.xml:21:17-72
50                android:resource="@style/NormalTheme" />
50-->src/main/AndroidManifest.xml:22:17-54
51
52            <intent-filter>
52-->src/main/AndroidManifest.xml:23:13-26:29
53                <action android:name="android.intent.action.MAIN" />
53-->src/main/AndroidManifest.xml:24:17-69
53-->src/main/AndroidManifest.xml:24:25-66
54
55                <category android:name="android.intent.category.LAUNCHER" />
55-->src/main/AndroidManifest.xml:25:17-77
55-->src/main/AndroidManifest.xml:25:27-74
56            </intent-filter>
57        </activity>
58        <!--
59             Don't delete the meta-data below.
60             This is used by the Flutter tool to generate GeneratedPluginRegistrant.java
61        -->
62        <meta-data
62-->src/main/AndroidManifest.xml:30:9-32:33
63            android:name="flutterEmbedding"
63-->src/main/AndroidManifest.xml:31:13-44
64            android:value="2" />
64-->src/main/AndroidManifest.xml:32:13-30
65
66        <provider
66-->[:image_picker_android] AndroidManifest.xml:10:9-18:20
67            android:name="io.flutter.plugins.imagepicker.ImagePickerFileProvider"
67-->[:image_picker_android] AndroidManifest.xml:11:13-82
68            android:authorities="com.example.market_app.flutter.image_provider"
68-->[:image_picker_android] AndroidManifest.xml:12:13-74
69            android:exported="false"
69-->[:image_picker_android] AndroidManifest.xml:13:13-37
70            android:grantUriPermissions="true" >
70-->[:image_picker_android] AndroidManifest.xml:14:13-47
71            <meta-data
71-->[:image_picker_android] AndroidManifest.xml:15:13-17:75
72                android:name="android.support.FILE_PROVIDER_PATHS"
72-->[:image_picker_android] AndroidManifest.xml:16:17-67
73                android:resource="@xml/flutter_image_picker_file_paths" />
73-->[:image_picker_android] AndroidManifest.xml:17:17-72
74        </provider>
75
76        <uses-library
76-->[androidx.window:window:1.0.0-beta04] AndroidManifest.xml:25:9-27:40
77            android:name="androidx.window.extensions"
77-->[androidx.window:window:1.0.0-beta04] AndroidManifest.xml:26:13-54
78            android:required="false" />
78-->[androidx.window:window:1.0.0-beta04] AndroidManifest.xml:27:13-37
79        <uses-library
79-->[androidx.window:window:1.0.0-beta04] AndroidManifest.xml:28:9-30:40
80            android:name="androidx.window.sidecar"
80-->[androidx.window:window:1.0.0-beta04] AndroidManifest.xml:29:13-51
81            android:required="false" />
81-->[androidx.window:window:1.0.0-beta04] AndroidManifest.xml:30:13-37
82
83        <provider
83-->[androidx.emoji2:emoji2:1.0.0] AndroidManifest.xml:26:9-34:20
84            android:name="androidx.startup.InitializationProvider"
84-->[androidx.emoji2:emoji2:1.0.0] AndroidManifest.xml:27:13-67
85            android:authorities="com.example.market_app.androidx-startup"
85-->[androidx.emoji2:emoji2:1.0.0] AndroidManifest.xml:28:13-68
86            android:exported="false" >
86-->[androidx.emoji2:emoji2:1.0.0] AndroidManifest.xml:29:13-37
87            <meta-data
87-->[androidx.emoji2:emoji2:1.0.0] AndroidManifest.xml:31:13-33:52
88                android:name="androidx.emoji2.text.EmojiCompatInitializer"
88-->[androidx.emoji2:emoji2:1.0.0] AndroidManifest.xml:32:17-75
89                android:value="androidx.startup" />
89-->[androidx.emoji2:emoji2:1.0.0] AndroidManifest.xml:33:17-49
90            <meta-data
90-->[androidx.lifecycle:lifecycle-process:2.4.0] AndroidManifest.xml:31:13-33:52
91                android:name="androidx.lifecycle.ProcessLifecycleInitializer"
91-->[androidx.lifecycle:lifecycle-process:2.4.0] AndroidManifest.xml:32:17-78
92                android:value="androidx.startup" />
92-->[androidx.lifecycle:lifecycle-process:2.4.0] AndroidManifest.xml:33:17-49
93        </provider>
94
95        <activity
95-->[com.journeyapps:zxing-android-embedded:4.3.0] AndroidManifest.xml:47:9-53:63
96            android:name="com.journeyapps.barcodescanner.CaptureActivity"
96-->[com.journeyapps:zxing-android-embedded:4.3.0] AndroidManifest.xml:48:13-74
97            android:clearTaskOnLaunch="true"
97-->[com.journeyapps:zxing-android-embedded:4.3.0] AndroidManifest.xml:49:13-45
98            android:screenOrientation="sensorLandscape"
98-->[com.journeyapps:zxing-android-embedded:4.3.0] AndroidManifest.xml:50:13-56
99            android:stateNotNeeded="true"
99-->[com.journeyapps:zxing-android-embedded:4.3.0] AndroidManifest.xml:51:13-42
100            android:theme="@style/zxing_CaptureTheme"
100-->[com.journeyapps:zxing-android-embedded:4.3.0] AndroidManifest.xml:52:13-54
101            android:windowSoftInputMode="stateAlwaysHidden" />
101-->[com.journeyapps:zxing-android-embedded:4.3.0] AndroidManifest.xml:53:13-60
102    </application>
103
104</manifest>